<?xml version="1.0" encoding="UTF-8"?>
<!-- Generated by org.testng.reporters.JUnitReportReporter -->
<testsuite skipped="0" hostname="LAPTOP-IIFUPQLC" name="academy.LoginPageTest" tests="2" failures="0" timestamp="2020-04-22T17:46:05 IST" time="21.213" errors="0">
  <testcase name="login" time="10.929" classname="academy.LoginPageTest"/>
  <system-out/>
  <testcase name="loginPageNavigation" time="10.284" classname="academy.LoginPageTest"/>
  <system-out/>
</testsuite> <!-- academy.LoginPageTest -->
