<?xml version="1.0" encoding="UTF-8"?>
<!-- Generated by org.testng.reporters.JUnitReportReporter -->
<testsuite skipped="0" hostname="LAPTOP-IIFUPQLC" name="academy.HomePageTest" tests="2" failures="0" timestamp="2020-04-22T17:46:05 IST" time="0.287" errors="0">
  <testcase name="validateNavigations" time="0.068" classname="academy.HomePageTest"/>
  <system-out/>
  <testcase name="validateNavigationBar" time="0.219" classname="academy.HomePageTest"/>
  <system-out/>
</testsuite> <!-- academy.HomePageTest -->
