<?xml version="1.0" encoding="UTF-8"?>
<!-- Generated by org.testng.reporters.JUnitReportReporter -->
<testsuite skipped="0" hostname="LAPTOP-IIFUPQLC" name="academy.HomePage" tests="1" failures="0" timestamp="2020-04-15T17:33:30 IST" time="23.079" errors="0">
  <testcase name="basePageNavigation" time="23.079" classname="academy.HomePage"/>
  <system-out/>
</testsuite> <!-- academy.HomePage -->
