<?xml version="1.0" encoding="UTF-8"?>
<!-- Generated by org.testng.reporters.JUnitReportReporter -->
<testsuite skipped="0" hostname="LAPTOP-IIFUPQLC" name="academy.LoginPageTest" tests="2" failures="0" timestamp="2020-04-27T15:36:20 IST" time="7.251" errors="0">
  <testcase name="loginTest" time="0.008" classname="academy.LoginPageTest"/>
  <system-out/>
  <testcase name="loginPageNavigation" time="7.243" classname="academy.LoginPageTest"/>
  <system-out/>
</testsuite> <!-- academy.LoginPageTest -->
